  ROBOT.C
M:\PC2\Facultate\ANUL 2\Grafica\Laborator\L5\Lab5_1\ROBOT.C(183,21): warning C4305: 'function': truncation from 'double' to 'GLfloat'
M:\PC2\Facultate\ANUL 2\Grafica\Laborator\L5\Lab5_1\ROBOT.C(183,29): warning C4305: 'function': truncation from 'double' to 'GLfloat'
M:\PC2\Facultate\ANUL 2\Grafica\Laborator\L5\Lab5_1\ROBOT.C(247,26): warning C4305: 'function': truncation from 'double' to 'GLfloat'
M:\PC2\Facultate\ANUL 2\Grafica\Laborator\L5\Lab5_1\ROBOT.C(297,33): warning C4305: 'function': truncation from 'double' to 'GLfloat'
M:\PC2\Facultate\ANUL 2\Grafica\Laborator\L5\Lab5_1\ROBOT.C(298,32): warning C4305: 'function': truncation from 'double' to 'GLfloat'
M:\PC2\Facultate\ANUL 2\Grafica\Laborator\L5\Lab5_1\ROBOT.C(300,32): warning C4305: 'function': truncation from 'double' to 'GLfloat'
M:\PC2\Facultate\ANUL 2\Grafica\Laborator\L5\Lab5_1\ROBOT.C(301,31): warning C4305: 'function': truncation from 'double' to 'GLfloat'
M:\PC2\Facultate\ANUL 2\Grafica\Laborator\L5\Lab5_1\ROBOT.C(303,31): warning C4305: 'function': truncation from 'double' to 'GLfloat'
M:\PC2\Facultate\ANUL 2\Grafica\Laborator\L5\Lab5_1\ROBOT.C(304,32): warning C4305: 'function': truncation from 'double' to 'GLfloat'
M:\PC2\Facultate\ANUL 2\Grafica\Laborator\L5\Lab5_1\ROBOT.C(306,32): warning C4305: 'function': truncation from 'double' to 'GLfloat'
M:\PC2\Facultate\ANUL 2\Grafica\Laborator\L5\Lab5_1\ROBOT.C(307,33): warning C4305: 'function': truncation from 'double' to 'GLfloat'
M:\PC2\Facultate\ANUL 2\Grafica\Laborator\L5\Lab5_1\ROBOT.C(312,25): warning C4305: 'function': truncation from 'double' to 'GLfloat'
M:\PC2\Facultate\ANUL 2\Grafica\Laborator\L5\Lab5_1\ROBOT.C(313,25): warning C4305: 'function': truncation from 'double' to 'GLfloat'
M:\PC2\Facultate\ANUL 2\Grafica\Laborator\L5\Lab5_1\ROBOT.C(315,25): warning C4305: 'function': truncation from 'double' to 'GLfloat'
M:\PC2\Facultate\ANUL 2\Grafica\Laborator\L5\Lab5_1\ROBOT.C(316,25): warning C4305: 'function': truncation from 'double' to 'GLfloat'
M:\PC2\Facultate\ANUL 2\Grafica\Laborator\L5\Lab5_1\ROBOT.C(319,25): warning C4305: 'function': truncation from 'double' to 'GLfloat'
M:\PC2\Facultate\ANUL 2\Grafica\Laborator\L5\Lab5_1\ROBOT.C(320,25): warning C4305: 'function': truncation from 'double' to 'GLfloat'
M:\PC2\Facultate\ANUL 2\Grafica\Laborator\L5\Lab5_1\ROBOT.C(322,25): warning C4305: 'function': truncation from 'double' to 'GLfloat'
M:\PC2\Facultate\ANUL 2\Grafica\Laborator\L5\Lab5_1\ROBOT.C(323,25): warning C4305: 'function': truncation from 'double' to 'GLfloat'
M:\PC2\Facultate\ANUL 2\Grafica\Laborator\L5\Lab5_1\ROBOT.C(328,24): warning C4305: 'function': truncation from 'double' to 'GLfloat'
M:\PC2\Facultate\ANUL 2\Grafica\Laborator\L5\Lab5_1\ROBOT.C(329,24): warning C4305: 'function': truncation from 'double' to 'GLfloat'
M:\PC2\Facultate\ANUL 2\Grafica\Laborator\L5\Lab5_1\ROBOT.C(331,24): warning C4305: 'function': truncation from 'double' to 'GLfloat'
M:\PC2\Facultate\ANUL 2\Grafica\Laborator\L5\Lab5_1\ROBOT.C(332,24): warning C4305: 'function': truncation from 'double' to 'GLfloat'
M:\PC2\Facultate\ANUL 2\Grafica\Laborator\L5\Lab5_1\ROBOT.C(335,24): warning C4305: 'function': truncation from 'double' to 'GLfloat'
M:\PC2\Facultate\ANUL 2\Grafica\Laborator\L5\Lab5_1\ROBOT.C(336,24): warning C4305: 'function': truncation from 'double' to 'GLfloat'
M:\PC2\Facultate\ANUL 2\Grafica\Laborator\L5\Lab5_1\ROBOT.C(338,24): warning C4305: 'function': truncation from 'double' to 'GLfloat'
M:\PC2\Facultate\ANUL 2\Grafica\Laborator\L5\Lab5_1\ROBOT.C(339,24): warning C4305: 'function': truncation from 'double' to 'GLfloat'
M:\PC2\Facultate\ANUL 2\Grafica\Laborator\L5\Lab5_1\ROBOT.C(343,25): warning C4305: 'function': truncation from 'double' to 'GLfloat'
M:\PC2\Facultate\ANUL 2\Grafica\Laborator\L5\Lab5_1\ROBOT.C(344,24): warning C4305: 'function': truncation from 'double' to 'GLfloat'
M:\PC2\Facultate\ANUL 2\Grafica\Laborator\L5\Lab5_1\ROBOT.C(345,24): warning C4305: 'function': truncation from 'double' to 'GLfloat'
M:\PC2\Facultate\ANUL 2\Grafica\Laborator\L5\Lab5_1\ROBOT.C(346,25): warning C4305: 'function': truncation from 'double' to 'GLfloat'
M:\PC2\Facultate\ANUL 2\Grafica\Laborator\L5\Lab5_1\ROBOT.C(349,25): warning C4305: 'function': truncation from 'double' to 'GLfloat'
M:\PC2\Facultate\ANUL 2\Grafica\Laborator\L5\Lab5_1\ROBOT.C(350,24): warning C4305: 'function': truncation from 'double' to 'GLfloat'
M:\PC2\Facultate\ANUL 2\Grafica\Laborator\L5\Lab5_1\ROBOT.C(351,24): warning C4305: 'function': truncation from 'double' to 'GLfloat'
M:\PC2\Facultate\ANUL 2\Grafica\Laborator\L5\Lab5_1\ROBOT.C(352,25): warning C4305: 'function': truncation from 'double' to 'GLfloat'
M:\PC2\Facultate\ANUL 2\Grafica\Laborator\L5\Lab5_1\ROBOT.C(361,23): warning C4305: 'function': truncation from 'double' to 'GLfloat'
M:\PC2\Facultate\ANUL 2\Grafica\Laborator\L5\Lab5_1\ROBOT.C(361,29): warning C4305: 'function': truncation from 'double' to 'GLfloat'
M:\PC2\Facultate\ANUL 2\Grafica\Laborator\L5\Lab5_1\ROBOT.C(361,36): warning C4305: 'function': truncation from 'double' to 'GLfloat'
M:\PC2\Facultate\ANUL 2\Grafica\Laborator\L5\Lab5_1\ROBOT.C(371,31): warning C4305: 'function': truncation from 'double' to 'GLfloat'
M:\PC2\Facultate\ANUL 2\Grafica\Laborator\L5\Lab5_1\ROBOT.C(413,56): warning C4133: 'function': incompatible types - from 'char [35]' to 'LPCWSTR'
M:\PC2\Facultate\ANUL 2\Grafica\Laborator\L5\Lab5_1\ROBOT.C(431,39): warning C4113: 'void (__stdcall *)()' differs in parameter lists from 'AUXKEYPROC'
M:\PC2\Facultate\ANUL 2\Grafica\Laborator\L5\Lab5_1\ROBOT.C(432,40): warning C4113: 'void (__stdcall *)()' differs in parameter lists from 'AUXKEYPROC'
M:\PC2\Facultate\ANUL 2\Grafica\Laborator\L5\Lab5_1\ROBOT.C(433,39): warning C4113: 'void (__stdcall *)()' differs in parameter lists from 'AUXKEYPROC'
M:\PC2\Facultate\ANUL 2\Grafica\Laborator\L5\Lab5_1\ROBOT.C(434,40): warning C4113: 'void (__stdcall *)()' differs in parameter lists from 'AUXKEYPROC'
M:\PC2\Facultate\ANUL 2\Grafica\Laborator\L5\Lab5_1\ROBOT.C(435,38): warning C4113: 'void (__stdcall *)()' differs in parameter lists from 'AUXKEYPROC'
M:\PC2\Facultate\ANUL 2\Grafica\Laborator\L5\Lab5_1\ROBOT.C(436,39): warning C4113: 'void (__stdcall *)()' differs in parameter lists from 'AUXKEYPROC'
M:\PC2\Facultate\ANUL 2\Grafica\Laborator\L5\Lab5_1\ROBOT.C(437,38): warning C4113: 'void (__stdcall *)()' differs in parameter lists from 'AUXKEYPROC'
M:\PC2\Facultate\ANUL 2\Grafica\Laborator\L5\Lab5_1\ROBOT.C(438,39): warning C4113: 'void (__stdcall *)()' differs in parameter lists from 'AUXKEYPROC'
M:\PC2\Facultate\ANUL 2\Grafica\Laborator\L5\Lab5_1\ROBOT.C(439,38): warning C4113: 'void (__stdcall *)()' differs in parameter lists from 'AUXKEYPROC'
M:\PC2\Facultate\ANUL 2\Grafica\Laborator\L5\Lab5_1\ROBOT.C(440,39): warning C4113: 'void (__stdcall *)()' differs in parameter lists from 'AUXKEYPROC'
  Lab5_1.vcxproj -> M:\PC2\Facultate\ANUL 2\Grafica\Laborator\L5\Lab5_1\Debug\Lab5_1.exe
